

====================  9h-31m-45s/19-5-2025 ====================
Usuário logado com sucesso
ID:3

====================  9h-40m-54s/19-5-2025 ====================
Erro em logUser
Resposta ruim, provavelmente não encontrou o que você estava procurando
Resposta:
{"command":"SELECT","rowCount":0,"oid":null,"rows":[],"fields":[{"name":"user_id","tableID":41256,"columnID":1,"dataTypeID":23,"dataTypeSize":4,"dataTypeModifier":-1,"format":"text"},{"name":"user_email","tableID":41256,"columnID":2,"dataTypeID":1043,"dataTypeSize":-1,"dataTypeModifier":259,"format":"text"},{"name":"user_password","tableID":41256,"columnID":3,"dataTypeID":1043,"dataTypeSize":-1,"dataTypeModifier":259,"format":"text"},{"name":"created_at","tableID":41256,"columnID":4,"dataTypeID":1114,"dataTypeSize":8,"dataTypeModifier":-1,"format":"text"}],"_parsers":[null,null,null,null],"_types":{"_types":{"arrayParser":{},"builtins":{"BOOL":16,"BYTEA":17,"CHAR":18,"INT8":20,"INT2":21,"INT4":23,"REGPROC":24,"TEXT":25,"OID":26,"TID":27,"XID":28,"CID":29,"JSON":114,"XML":142,"PG_NODE_TREE":194,"SMGR":210,"PATH":602,"POLYGON":604,"CIDR":650,"FLOAT4":700,"FLOAT8":701,"ABSTIME":702,"RELTIME":703,"TINTERVAL":704,"CIRCLE":718,"MACADDR8":774,"MONEY":790,"MACADDR":829,"INET":869,"ACLITEM":1033,"BPCHAR":1042,"VARCHAR":1043,"DATE":1082,"TIME":1083,"TIMESTAMP":1114,"TIMESTAMPTZ":1184,"INTERVAL":1186,"TIMETZ":1266,"BIT":1560,"VARBIT":1562,"NUMERIC":1700,"REFCURSOR":1790,"REGPROCEDURE":2202,"REGOPER":2203,"REGOPERATOR":2204,"REGCLASS":2205,"REGTYPE":2206,"UUID":2950,"TXID_SNAPSHOT":2970,"PG_LSN":3220,"PG_NDISTINCT":3361,"PG_DEPENDENCIES":3402,"TSVECTOR":3614,"TSQUERY":3615,"GTSVECTOR":3642,"REGCONFIG":3734,"REGDICTIONARY":3769,"JSONB":3802,"REGNAMESPACE":4089,"REGROLE":4096}},"text":{},"binary":{}},"RowCtor":null,"rowAsArray":false,"_prebuiltEmptyResultObject":{"user_id":null,"user_email":null,"user_password":null,"created_at":null}}
undefined

====================  9h-41m-6s/19-5-2025 ====================
Usuário criado com sucesso
ID: 4

====================  9h-51m-59s/19-5-2025 ====================
Usuário logado com sucesso
ID:3

====================  9h-53m-33s/19-5-2025 ====================
Erro em logUser
Resposta ruim, provavelmente não encontrou o que você estava procurando
Resposta:
{"command":"SELECT","rowCount":0,"oid":null,"rows":[],"fields":[{"name":"user_id","tableID":41256,"columnID":1,"dataTypeID":23,"dataTypeSize":4,"dataTypeModifier":-1,"format":"text"},{"name":"user_email","tableID":41256,"columnID":2,"dataTypeID":1043,"dataTypeSize":-1,"dataTypeModifier":259,"format":"text"},{"name":"user_password","tableID":41256,"columnID":3,"dataTypeID":1043,"dataTypeSize":-1,"dataTypeModifier":259,"format":"text"},{"name":"created_at","tableID":41256,"columnID":4,"dataTypeID":1114,"dataTypeSize":8,"dataTypeModifier":-1,"format":"text"}],"_parsers":[null,null,null,null],"_types":{"_types":{"arrayParser":{},"builtins":{"BOOL":16,"BYTEA":17,"CHAR":18,"INT8":20,"INT2":21,"INT4":23,"REGPROC":24,"TEXT":25,"OID":26,"TID":27,"XID":28,"CID":29,"JSON":114,"XML":142,"PG_NODE_TREE":194,"SMGR":210,"PATH":602,"POLYGON":604,"CIDR":650,"FLOAT4":700,"FLOAT8":701,"ABSTIME":702,"RELTIME":703,"TINTERVAL":704,"CIRCLE":718,"MACADDR8":774,"MONEY":790,"MACADDR":829,"INET":869,"ACLITEM":1033,"BPCHAR":1042,"VARCHAR":1043,"DATE":1082,"TIME":1083,"TIMESTAMP":1114,"TIMESTAMPTZ":1184,"INTERVAL":1186,"TIMETZ":1266,"BIT":1560,"VARBIT":1562,"NUMERIC":1700,"REFCURSOR":1790,"REGPROCEDURE":2202,"REGOPER":2203,"REGOPERATOR":2204,"REGCLASS":2205,"REGTYPE":2206,"UUID":2950,"TXID_SNAPSHOT":2970,"PG_LSN":3220,"PG_NDISTINCT":3361,"PG_DEPENDENCIES":3402,"TSVECTOR":3614,"TSQUERY":3615,"GTSVECTOR":3642,"REGCONFIG":3734,"REGDICTIONARY":3769,"JSONB":3802,"REGNAMESPACE":4089,"REGROLE":4096}},"text":{},"binary":{}},"RowCtor":null,"rowAsArray":false,"_prebuiltEmptyResultObject":{"user_id":null,"user_email":null,"user_password":null,"created_at":null}}
undefined

====================  9h-53m-42s/19-5-2025 ====================
Usuário logado com sucesso
ID:3

====================  10h-30m-24s/19-5-2025 ====================
Usuário logado com sucesso
ID:3

====================  11h-6m-42s/19-5-2025 ====================
Usuário logado com sucesso
ID:3

====================  11h-13m-46s/19-5-2025 ====================
Usuário logado com sucesso
ID:3

====================  11h-14m-18s/19-5-2025 ====================
Usuário logado com sucesso
ID:3

====================  11h-14m-40s/19-5-2025 ====================
Usuário logado com sucesso
ID:3

====================  11h-15m-10s/19-5-2025 ====================
Usuário logado com sucesso
ID:3