

====================  16h-0m-7s/26-5-2025 ====================
Requisisção post recebida na rota /users/login

====================  16h-0m-8s/26-5-2025 ====================
Erro em logUser
Resposta ruim, provavelmente não encontrou o que você estava procurando
Resposta:
{"command":"SELECT","rowCount":0,"oid":null,"rows":[],"fields":[{"name":"user_id","tableID":41256,"columnID":1,"dataTypeID":23,"dataTypeSize":4,"dataTypeModifier":-1,"format":"text"},{"name":"user_email","tableID":41256,"columnID":2,"dataTypeID":1043,"dataTypeSize":-1,"dataTypeModifier":259,"format":"text"},{"name":"user_password","tableID":41256,"columnID":3,"dataTypeID":1043,"dataTypeSize":-1,"dataTypeModifier":259,"format":"text"},{"name":"created_at","tableID":41256,"columnID":4,"dataTypeID":1114,"dataTypeSize":8,"dataTypeModifier":-1,"format":"text"}],"_parsers":[null,null,null,null],"_types":{"_types":{"arrayParser":{},"builtins":{"BOOL":16,"BYTEA":17,"CHAR":18,"INT8":20,"INT2":21,"INT4":23,"REGPROC":24,"TEXT":25,"OID":26,"TID":27,"XID":28,"CID":29,"JSON":114,"XML":142,"PG_NODE_TREE":194,"SMGR":210,"PATH":602,"POLYGON":604,"CIDR":650,"FLOAT4":700,"FLOAT8":701,"ABSTIME":702,"RELTIME":703,"TINTERVAL":704,"CIRCLE":718,"MACADDR8":774,"MONEY":790,"MACADDR":829,"INET":869,"ACLITEM":1033,"BPCHAR":1042,"VARCHAR":1043,"DATE":1082,"TIME":1083,"TIMESTAMP":1114,"TIMESTAMPTZ":1184,"INTERVAL":1186,"TIMETZ":1266,"BIT":1560,"VARBIT":1562,"NUMERIC":1700,"REFCURSOR":1790,"REGPROCEDURE":2202,"REGOPER":2203,"REGOPERATOR":2204,"REGCLASS":2205,"REGTYPE":2206,"UUID":2950,"TXID_SNAPSHOT":2970,"PG_LSN":3220,"PG_NDISTINCT":3361,"PG_DEPENDENCIES":3402,"TSVECTOR":3614,"TSQUERY":3615,"GTSVECTOR":3642,"REGCONFIG":3734,"REGDICTIONARY":3769,"JSONB":3802,"REGNAMESPACE":4089,"REGROLE":4096}},"text":{},"binary":{}},"RowCtor":null,"rowAsArray":false,"_prebuiltEmptyResultObject":{"user_id":null,"user_email":null,"user_password":null,"created_at":null}}
undefined

====================  16h-0m-8s/26-5-2025 ====================
Erro no login de usuário na rota /users/login

====================  16h-0m-32s/26-5-2025 ====================
Requisisção post recebida na rota /users/signin

====================  16h-0m-32s/26-5-2025 ====================
Erro em createUser
Entrada incorreta em createUser
:email:null typeof: object
npassword:null typeof: object)}

====================  16h-0m-32s/26-5-2025 ====================
Erro na criação de usuário na rota /users/signin

====================  16h-0m-36s/26-5-2025 ====================
Requisisção post recebida na rota /users/signin

====================  16h-0m-36s/26-5-2025 ====================
Erro em createUser
Entrada incorreta em createUser
:email:null typeof: object
npassword:null typeof: object)}

====================  16h-0m-36s/26-5-2025 ====================
Erro na criação de usuário na rota /users/signin

====================  16h-0m-40s/26-5-2025 ====================
Requisisção post recebida na rota /users/signin

====================  16h-0m-40s/26-5-2025 ====================
Erro em createUser
Entrada incorreta em createUser
:email:null typeof: object
npassword:null typeof: object)}

====================  16h-0m-40s/26-5-2025 ====================
Erro na criação de usuário na rota /users/signin

====================  16h-0m-41s/26-5-2025 ====================
Requisisção post recebida na rota /users/signin

====================  16h-0m-41s/26-5-2025 ====================
Erro em createUser
Entrada incorreta em createUser
:email:null typeof: object
npassword:null typeof: object)}

====================  16h-0m-41s/26-5-2025 ====================
Erro na criação de usuário na rota /users/signin

====================  16h-1m-0s/26-5-2025 ====================
Requisisção post recebida na rota /users/signin

====================  16h-1m-0s/26-5-2025 ====================
Erro em createUser
Entrada incorreta em createUser
:email:null typeof: object
npassword:null typeof: object)}

====================  16h-1m-0s/26-5-2025 ====================
Erro na criação de usuário na rota /users/signin

====================  16h-1m-52s/26-5-2025 ====================
Requisisção post recebida na rota /users/signin

====================  16h-1m-52s/26-5-2025 ====================
Usuário criado com sucesso
ID: 6

====================  16h-1m-58s/26-5-2025 ====================
Requisisção post recebida na rota /users/login

====================  16h-1m-58s/26-5-2025 ====================
Usuário logado com sucesso
ID:6

====================  16h-1m-58s/26-5-2025 ====================
Usuário fez login com sucesso na rota /users/login
ID: 6

====================  16h-3m-33s/26-5-2025 ====================
Requisisção post recebida na rota /users/login

====================  16h-3m-33s/26-5-2025 ====================
Usuário logado com sucesso
ID:6

====================  16h-3m-33s/26-5-2025 ====================
Usuário fez login com sucesso na rota /users/login
ID: 6

====================  16h-3m-36s/26-5-2025 ====================
Requisisção post recebida na rota /homepage/addImage

====================  16h-3m-36s/26-5-2025 ====================
Usuário tentou acessar uma rota protegida
rota: /homepage/addImage

====================  16h-3m-36s/26-5-2025 ====================
Sucesso em inserir imagem no BD
image_id:12

====================  16h-3m-36s/26-5-2025 ====================
Sucesso em adicionar uma imagem na rota /homepage/addImage
image_id: 12 userId: 6

====================  16h-3m-42s/26-5-2025 ====================
Requisisção get recebida na rota /homepage/getImages

====================  16h-3m-42s/26-5-2025 ====================
Usuário tentou acessar uma rota protegida
rota: /homepage/getImages

====================  16h-3m-42s/26-5-2025 ====================
Erro ao procurar imagens de usuário
Erro: Error: ENOENT: no such file or directory, mkdir 'downloaded_images/user_6'

====================  16h-3m-42s/26-5-2025 ====================
Falha em obter imagens /homepage/getImages
userId: 6

====================  16h-4m-28s/26-5-2025 ====================
Requisisção get recebida na rota /homepage/getImages

====================  16h-4m-28s/26-5-2025 ====================
Usuário tentou acessar uma rota protegida
rota: /homepage/getImages

====================  16h-4m-28s/26-5-2025 ====================
Sucesso ao procurar imagens de usuário
Quantidade de imagens encontradas: 1
../downloaded_images/user_6/6

====================  16h-4m-28s/26-5-2025 ====================
Sucesso em obter imagens /homepage/getImages
userId: 6

====================  16h-10m-37s/26-5-2025 ====================
Requisisção post recebida na rota /homepage/addImage

====================  16h-10m-37s/26-5-2025 ====================
Usuário tentou acessar uma rota protegida
rota: /homepage/addImage

====================  16h-10m-39s/26-5-2025 ====================
Sucesso em inserir imagem no BD
image_id:13

====================  16h-10m-39s/26-5-2025 ====================
Sucesso em adicionar uma imagem na rota /homepage/addImage
image_id: 13 userId: 6

====================  16h-10m-40s/26-5-2025 ====================
Requisisção post recebida na rota /homepage/addImage

====================  16h-10m-40s/26-5-2025 ====================
Usuário tentou acessar uma rota protegida
rota: /homepage/addImage

====================  16h-10m-40s/26-5-2025 ====================
Sucesso em inserir imagem no BD
image_id:14

====================  16h-10m-40s/26-5-2025 ====================
Sucesso em adicionar uma imagem na rota /homepage/addImage
image_id: 14 userId: 6

====================  16h-10m-41s/26-5-2025 ====================
Requisisção post recebida na rota /homepage/addImage

====================  16h-10m-41s/26-5-2025 ====================
Usuário tentou acessar uma rota protegida
rota: /homepage/addImage

====================  16h-10m-41s/26-5-2025 ====================
Sucesso em inserir imagem no BD
image_id:15

====================  16h-10m-41s/26-5-2025 ====================
Sucesso em adicionar uma imagem na rota /homepage/addImage
image_id: 15 userId: 6

====================  16h-10m-42s/26-5-2025 ====================
Requisisção post recebida na rota /homepage/addImage

====================  16h-10m-42s/26-5-2025 ====================
Usuário tentou acessar uma rota protegida
rota: /homepage/addImage

====================  16h-10m-42s/26-5-2025 ====================
Sucesso em inserir imagem no BD
image_id:16

====================  16h-10m-42s/26-5-2025 ====================
Sucesso em adicionar uma imagem na rota /homepage/addImage
image_id: 16 userId: 6

====================  16h-10m-42s/26-5-2025 ====================
Requisisção post recebida na rota /homepage/addImage

====================  16h-10m-42s/26-5-2025 ====================
Usuário tentou acessar uma rota protegida
rota: /homepage/addImage

====================  16h-10m-42s/26-5-2025 ====================
Sucesso em inserir imagem no BD
image_id:17

====================  16h-10m-42s/26-5-2025 ====================
Sucesso em adicionar uma imagem na rota /homepage/addImage
image_id: 17 userId: 6

====================  16h-10m-43s/26-5-2025 ====================
Requisisção post recebida na rota /homepage/addImage

====================  16h-10m-43s/26-5-2025 ====================
Usuário tentou acessar uma rota protegida
rota: /homepage/addImage

====================  16h-10m-43s/26-5-2025 ====================
Sucesso em inserir imagem no BD
image_id:18

====================  16h-10m-43s/26-5-2025 ====================
Sucesso em adicionar uma imagem na rota /homepage/addImage
image_id: 18 userId: 6

====================  16h-10m-45s/26-5-2025 ====================
Requisisção get recebida na rota /homepage/getImages

====================  16h-10m-45s/26-5-2025 ====================
Usuário tentou acessar uma rota protegida
rota: /homepage/getImages

====================  16h-10m-45s/26-5-2025 ====================
Sucesso ao procurar imagens de usuário
Quantidade de imagens encontradas: 7
../downloaded_images/user_6/6

====================  16h-10m-45s/26-5-2025 ====================
Sucesso em obter imagens /homepage/getImages
userId: 6

====================  16h-10m-50s/26-5-2025 ====================
Requisisção delete recebida na rota /homepage/deleteImage

====================  16h-10m-50s/26-5-2025 ====================
Usuário tentou acessar uma rota protegida
rota: /homepage/deleteImage

====================  16h-10m-50s/26-5-2025 ====================
A imagem 1 não pôde ser apagada!
Resposta ruim do banco de dados, provavelmente não encontrou os dados que estava procurando
resultado: [object Object]

====================  16h-10m-50s/26-5-2025 ====================
Falha em excluir a imagem /homepage/deleteImage
userId: 6

====================  16h-11m-10s/26-5-2025 ====================
Requisisção delete recebida na rota /homepage/deleteImage

====================  16h-11m-10s/26-5-2025 ====================
Usuário tentou acessar uma rota protegida
rota: /homepage/deleteImage

====================  16h-11m-10s/26-5-2025 ====================
A imagem 2 não pôde ser apagada!
Resposta ruim do banco de dados, provavelmente não encontrou os dados que estava procurando
resultado: [object Object]

====================  16h-11m-10s/26-5-2025 ====================
Falha em excluir a imagem /homepage/deleteImage
userId: 6

====================  16h-11m-37s/26-5-2025 ====================
Requisisção delete recebida na rota /homepage/deleteImage

====================  16h-11m-37s/26-5-2025 ====================
Usuário tentou acessar uma rota protegida
rota: /homepage/deleteImage

====================  16h-11m-37s/26-5-2025 ====================
A imagem 6 não pôde ser apagada!
Resposta ruim do banco de dados, provavelmente não encontrou os dados que estava procurando
resultado: [object Object]

====================  16h-11m-37s/26-5-2025 ====================
Falha em excluir a imagem /homepage/deleteImage
userId: 6

====================  16h-12m-48s/26-5-2025 ====================
Requisisção post recebida na rota /users/login

====================  16h-12m-48s/26-5-2025 ====================
Usuário logado com sucesso
ID:6

====================  16h-12m-48s/26-5-2025 ====================
Usuário fez login com sucesso na rota /users/login
ID: 6

====================  16h-12m-51s/26-5-2025 ====================
Requisisção delete recebida na rota /homepage/deleteImage

====================  16h-12m-51s/26-5-2025 ====================
Usuário tentou acessar uma rota protegida
rota: /homepage/deleteImage

====================  16h-12m-51s/26-5-2025 ====================
A imagem 6 não pôde ser apagada!
Resposta ruim do banco de dados, provavelmente não encontrou os dados que estava procurando
resultado: [object Object]

====================  16h-12m-51s/26-5-2025 ====================
Falha em excluir a imagem /homepage/deleteImage
userId: 6

====================  16h-12m-57s/26-5-2025 ====================
Requisisção get recebida na rota /homepage/getImages

====================  16h-12m-57s/26-5-2025 ====================
Usuário tentou acessar uma rota protegida
rota: /homepage/getImages

====================  16h-12m-57s/26-5-2025 ====================
Sucesso ao procurar imagens de usuário
Quantidade de imagens encontradas: 7
../downloaded_images/user_6/6

====================  16h-12m-57s/26-5-2025 ====================
Sucesso em obter imagens /homepage/getImages
userId: 6

====================  16h-14m-46s/26-5-2025 ====================
Requisisção post recebida na rota /users/login

====================  16h-14m-46s/26-5-2025 ====================
Usuário logado com sucesso
ID:6

====================  16h-14m-46s/26-5-2025 ====================
Usuário fez login com sucesso na rota /users/login
ID: 6

====================  16h-14m-50s/26-5-2025 ====================
Requisisção delete recebida na rota /homepage/deleteImage

====================  16h-14m-50s/26-5-2025 ====================
Usuário tentou acessar uma rota protegida
rota: /homepage/deleteImage

====================  16h-14m-50s/26-5-2025 ====================
A imagem 1 não pôde ser apagada!
Resposta ruim do banco de dados, provavelmente não encontrou os dados que estava procurando
resultado: {"command":"DELETE","rowCount":0,"oid":null,"rows":[],"fields":[{"name":"image_id","tableID":41268,"columnID":1,"dataTypeID":23,"dataTypeSize":4,"dataTypeModifier":-1,"format":"text"},{"name":"image_name","tableID":41268,"columnID":2,"dataTypeID":1043,"dataTypeSize":-1,"dataTypeModifier":259,"format":"text"},{"name":"created_at","tableID":41268,"columnID":3,"dataTypeID":1114,"dataTypeSize":8,"dataTypeModifier":-1,"format":"text"},{"name":"image_file","tableID":41268,"columnID":4,"dataTypeID":17,"dataTypeSize":-1,"dataTypeModifier":-1,"format":"text"},{"name":"user_id","tableID":41268,"columnID":5,"dataTypeID":23,"dataTypeSize":4,"dataTypeModifier":-1,"format":"text"}],"_parsers":[null,null,null,null,null],"_types":{"_types":{"arrayParser":{},"builtins":{"BOOL":16,"BYTEA":17,"CHAR":18,"INT8":20,"INT2":21,"INT4":23,"REGPROC":24,"TEXT":25,"OID":26,"TID":27,"XID":28,"CID":29,"JSON":114,"XML":142,"PG_NODE_TREE":194,"SMGR":210,"PATH":602,"POLYGON":604,"CIDR":650,"FLOAT4":700,"FLOAT8":701,"ABSTIME":702,"RELTIME":703,"TINTERVAL":704,"CIRCLE":718,"MACADDR8":774,"MONEY":790,"MACADDR":829,"INET":869,"ACLITEM":1033,"BPCHAR":1042,"VARCHAR":1043,"DATE":1082,"TIME":1083,"TIMESTAMP":1114,"TIMESTAMPTZ":1184,"INTERVAL":1186,"TIMETZ":1266,"BIT":1560,"VARBIT":1562,"NUMERIC":1700,"REFCURSOR":1790,"REGPROCEDURE":2202,"REGOPER":2203,"REGOPERATOR":2204,"REGCLASS":2205,"REGTYPE":2206,"UUID":2950,"TXID_SNAPSHOT":2970,"PG_LSN":3220,"PG_NDISTINCT":3361,"PG_DEPENDENCIES":3402,"TSVECTOR":3614,"TSQUERY":3615,"GTSVECTOR":3642,"REGCONFIG":3734,"REGDICTIONARY":3769,"JSONB":3802,"REGNAMESPACE":4089,"REGROLE":4096}},"text":{},"binary":{}},"RowCtor":null,"rowAsArray":false,"_prebuiltEmptyResultObject":{"image_id":null,"image_name":null,"created_at":null,"image_file":null,"user_id":null}}

====================  16h-14m-50s/26-5-2025 ====================
Falha em excluir a imagem /homepage/deleteImage
userId: 6

====================  16h-43m-44s/26-5-2025 ====================
Requisisção delete recebida na rota /homepage/deleteImage

====================  16h-44m-18s/26-5-2025 ====================
Requisisção post recebida na rota /users/login

====================  16h-44m-19s/26-5-2025 ====================
Usuário logado com sucesso
ID:6

====================  16h-44m-19s/26-5-2025 ====================
Usuário fez login com sucesso na rota /users/login
ID: 6

====================  16h-44m-22s/26-5-2025 ====================
Requisisção delete recebida na rota /homepage/deleteImage

====================  16h-44m-22s/26-5-2025 ====================
Usuário tentou acessar uma rota protegida
rota: /homepage/deleteImage

====================  16h-44m-22s/26-5-2025 ====================
Imagem apagada com sucesso!
ID: 12

====================  16h-44m-22s/26-5-2025 ====================
Sucesso em excluir a imagem /homepage/deleteImage
image_id: 12
userId: 6

====================  16h-44m-34s/26-5-2025 ====================
Requisição post recebida na rota /homepage/createAlbum

====================  16h-44m-34s/26-5-2025 ====================
Sucesso na inseção na tabela album
ID: 4

====================  16h-44m-34s/26-5-2025 ====================
Sucesso na criação de album na rota /homepage/createAlbum
album_id: 4 userId: 6

====================  16h-44m-40s/26-5-2025 ====================
Requisição get na rota /homepage/getUserAlbuns

====================  16h-44m-40s/26-5-2025 ====================
Sucesso em encontrar albuns do usuário
Quantidade de albuns encontrados: 1

====================  16h-44m-40s/26-5-2025 ====================
Sucesso no retorno de album na rota /homepage/getUserAlbuns
userId: 6

====================  16h-45m-4s/26-5-2025 ====================
Requisição delete na rota /homepage/deleteAlbum

====================  16h-45m-4s/26-5-2025 ====================
Erro ao tentar apagar um album na rota /homepage/getUserAlbuns
userId: 6

====================  16h-50m-12s/26-5-2025 ====================
Requisição delete na rota /homepage/deleteAlbum

====================  16h-50m-12s/26-5-2025 ====================
Erro ao tentar apagar um album na rota /homepage/getUserAlbuns
userId: 6

====================  16h-52m-24s/26-5-2025 ====================
Erro ao tentar apagar um album na rota /homepage/getUserAlbuns
userId: 6

====================  16h-52m-24s/26-5-2025 ====================
Requisição delete na rota /homepage/deleteAlbum

====================  16h-52m-31s/26-5-2025 ====================
Requisição delete na rota /homepage/deleteAlbum

====================  16h-52m-31s/26-5-2025 ====================
Erro ao tentar apagar um album na rota /homepage/getUserAlbuns
userId: 6

====================  16h-52m-34s/26-5-2025 ====================
Requisição delete na rota /homepage/deleteAlbum

====================  16h-52m-34s/26-5-2025 ====================
Erro ao tentar apagar um album na rota /homepage/getUserAlbuns
userId: 6

====================  16h-52m-40s/26-5-2025 ====================
Requisição delete na rota /homepage/deleteAlbum

====================  16h-52m-40s/26-5-2025 ====================
Erro ao tentar apagar um album na rota /homepage/getUserAlbuns
userId: 6

====================  16h-52m-53s/26-5-2025 ====================
Requisição delete na rota /homepage/deleteAlbum

====================  16h-52m-53s/26-5-2025 ====================
Erro ao tentar apagar um album na rota /homepage/getUserAlbuns
userId: 6

====================  16h-53m-30s/26-5-2025 ====================
Requisição delete na rota /homepage/deleteAlbum

====================  16h-53m-30s/26-5-2025 ====================
Erro ao tentar apagar um album na rota /homepage/getUserAlbuns
userId: 6

====================  16h-54m-26s/26-5-2025 ====================
Requisisção post recebida na rota /users/login

====================  16h-54m-26s/26-5-2025 ====================
Usuário logado com sucesso
ID:6

====================  16h-54m-26s/26-5-2025 ====================
Usuário fez login com sucesso na rota /users/login
ID: 6

====================  16h-54m-31s/26-5-2025 ====================
Requisição delete na rota /homepage/deleteAlbum

====================  16h-54m-31s/26-5-2025 ====================
Erro ao tentar apagar um album na rota /homepage/getUserAlbuns
userId: 6

====================  16h-55m-22s/26-5-2025 ====================
Requisisção post recebida na rota /users/login

====================  16h-55m-23s/26-5-2025 ====================
Usuário logado com sucesso
ID:6

====================  16h-55m-23s/26-5-2025 ====================
Usuário fez login com sucesso na rota /users/login
ID: 6

====================  16h-55m-25s/26-5-2025 ====================
Requisição delete na rota /homepage/deleteAlbum

====================  16h-55m-25s/26-5-2025 ====================
Erro ao tentar apagar um album na rota /homepage/getUserAlbuns
userId: 6

====================  16h-56m-13s/26-5-2025 ====================
Requisição delete na rota /homepage/deleteAlbum

====================  16h-56m-13s/26-5-2025 ====================
Usuário tentou acessar uma rota protegida
rota: /homepage/deleteAlbum

====================  16h-56m-16s/26-5-2025 ====================
Requisição delete na rota /homepage/deleteAlbum

====================  16h-56m-16s/26-5-2025 ====================
Usuário tentou acessar uma rota protegida
rota: /homepage/deleteAlbum

====================  16h-56m-18s/26-5-2025 ====================
Requisisção post recebida na rota /users/login

====================  16h-56m-18s/26-5-2025 ====================
Usuário logado com sucesso
ID:6

====================  16h-56m-18s/26-5-2025 ====================
Usuário fez login com sucesso na rota /users/login
ID: 6

====================  16h-56m-20s/26-5-2025 ====================
Requisição delete na rota /homepage/deleteAlbum

====================  16h-56m-20s/26-5-2025 ====================
Sucesso ao deletar o album
ID: 4

====================  16h-56m-20s/26-5-2025 ====================
Sucesso em apagar albuns na rota /homepage/getUserAlbuns
userId: 6
album_id: 4

====================  16h-56m-25s/26-5-2025 ====================
Requisição post recebida na rota /homepage/createAlbum

====================  16h-56m-25s/26-5-2025 ====================
Sucesso na inseção na tabela album
ID: 5

====================  16h-56m-25s/26-5-2025 ====================
Sucesso na criação de album na rota /homepage/createAlbum
album_id: 5 userId: 6

====================  16h-56m-28s/26-5-2025 ====================
Requisição get na rota /homepage/getUserAlbuns

====================  16h-56m-28s/26-5-2025 ====================
Sucesso em encontrar albuns do usuário
Quantidade de albuns encontrados: 1

====================  16h-56m-28s/26-5-2025 ====================
Sucesso no retorno de album na rota /homepage/getUserAlbuns
userId: 6

====================  16h-56m-39s/26-5-2025 ====================
Requisição patch na rota /homepage/updateAlbum

====================  16h-56m-39s/26-5-2025 ====================
Sucesso na alteração de nome do album
ID: 5

====================  16h-56m-39s/26-5-2025 ====================
Sucesso em alterar um album na rota /homepage/updateAlbum
userId: 6
album_id: 5

====================  16h-56m-46s/26-5-2025 ====================
Requisição patch na rota /homepage/updateAlbum

====================  16h-56m-46s/26-5-2025 ====================
Erro ao tentar alterar um album na rota /homepage/updateAlbum
userId: 6

====================  16h-56m-46s/26-5-2025 ====================
Erro na alteração do album NaN
error: sintaxe de entrada é inválida para tipo integer: "NaN"

====================  16h-58m-23s/26-5-2025 ====================
Requisisção post recebida na rota /users/login

====================  16h-58m-23s/26-5-2025 ====================
Usuário logado com sucesso
ID:6

====================  16h-58m-23s/26-5-2025 ====================
Usuário fez login com sucesso na rota /users/login
ID: 6

====================  16h-58m-30s/26-5-2025 ====================
Requisição patch na rota /homepage/updateAlbum

====================  16h-58m-30s/26-5-2025 ====================
Erro na alteração do album NaN
error: sintaxe de entrada é inválida para tipo integer: "NaN"

====================  16h-58m-30s/26-5-2025 ====================
Erro ao tentar alterar um album na rota /homepage/updateAlbum
userId: 6

====================  16h-58m-34s/26-5-2025 ====================
Requisição patch na rota /homepage/updateAlbum

====================  16h-58m-34s/26-5-2025 ====================
Sucesso na alteração de nome do album
ID: 5

====================  16h-58m-34s/26-5-2025 ====================
Sucesso em alterar um album na rota /homepage/updateAlbum
userId: 6
album_id: 5

====================  16h-58m-44s/26-5-2025 ====================
Requisição patch na rota /homepage/updateAlbumPreview

====================  16h-58m-44s/26-5-2025 ====================
Sucesso ao atribuir preview no album
5

====================  17h-5m-53s/26-5-2025 ====================
Requisisção post recebida na rota /users/login

====================  17h-5m-53s/26-5-2025 ====================
Usuário logado com sucesso
ID:6

====================  17h-5m-53s/26-5-2025 ====================
Usuário fez login com sucesso na rota /users/login
ID: 6

====================  17h-5m-57s/26-5-2025 ====================
Requisição patch na rota /homepage/updateAlbumPreview

====================  17h-5m-57s/26-5-2025 ====================
Sucesso ao atribuir preview no album
5

====================  17h-6m-39s/26-5-2025 ====================
Requisisção post recebida na rota /users/login

====================  17h-6m-39s/26-5-2025 ====================
Usuário logado com sucesso
ID:6

====================  17h-6m-39s/26-5-2025 ====================
Usuário fez login com sucesso na rota /users/login
ID: 6

====================  17h-6m-42s/26-5-2025 ====================
Requisição patch na rota /homepage/updateAlbumPreview

====================  17h-6m-42s/26-5-2025 ====================
Sucesso ao atribuir preview no album
5

====================  17h-7m-24s/26-5-2025 ====================
Requisisção post recebida na rota /users/login

====================  17h-7m-24s/26-5-2025 ====================
Usuário logado com sucesso
ID:6

====================  17h-7m-24s/26-5-2025 ====================
Usuário fez login com sucesso na rota /users/login
ID: 6

====================  17h-7m-26s/26-5-2025 ====================
Requisição patch na rota /homepage/updateAlbumPreview

====================  17h-7m-26s/26-5-2025 ====================
Sucesso ao atribuir preview no album
5

====================  17h-9m-23s/26-5-2025 ====================
Requisisção post recebida na rota /users/login

====================  17h-9m-23s/26-5-2025 ====================
Usuário logado com sucesso
ID:6

====================  17h-9m-23s/26-5-2025 ====================
Usuário fez login com sucesso na rota /users/login
ID: 6

====================  17h-9m-25s/26-5-2025 ====================
Requisição patch na rota /homepage/updateAlbumPreview

====================  17h-9m-25s/26-5-2025 ====================
Sucesso ao atribuir preview no album
5

====================  17h-9m-25s/26-5-2025 ====================
Sucesso em alterar um album na rota /homepage/updateAlbumPreview
userId: 6
album_id: 5

====================  17h-12m-56s/26-5-2025 ====================
Usuário tentou acessar uma rota protegida
rota: /homepage/addImageInAlbum

====================  17h-12m-56s/26-5-2025 ====================
Erro ao inserir uma imagem no album 5
Erro: Formatação da entrada incorreta
albumId: 5 typeOf: string
imageId: 12 typeOf: string
UserId: 6 typerOf: number

====================  17h-12m-56s/26-5-2025 ====================
Falha em adicionar uma imagem em um album na rota /homepage/addImageInAlbum
userId: 6

====================  17h-14m-12s/26-5-2025 ====================
Requisisção post recebida na rota /users/login

====================  17h-14m-13s/26-5-2025 ====================
Usuário logado com sucesso
ID:6

====================  17h-14m-13s/26-5-2025 ====================
Usuário fez login com sucesso na rota /users/login
ID: 6

====================  17h-14m-15s/26-5-2025 ====================
Usuário tentou acessar uma rota protegida
rota: /homepage/addImageInAlbum

====================  17h-14m-15s/26-5-2025 ====================
Erro ao inserir uma imagem no album 5
Erro: error: coluna "user_id" da relação "album_image_junction" não existe

====================  17h-14m-15s/26-5-2025 ====================
Falha em adicionar uma imagem em um album na rota /homepage/addImageInAlbum
userId: 6

====================  17h-16m-23s/26-5-2025 ====================
Usuário tentou acessar uma rota protegida
rota: /homepage/addImageInAlbum

====================  17h-16m-24s/26-5-2025 ====================
Erro ao inserir uma imagem no album 5
Erro: error: inserção ou atualização em tabela "album_image_junction" viola restrição de chave estrangeira "fk_image"

====================  17h-16m-24s/26-5-2025 ====================
Falha em adicionar uma imagem em um album na rota /homepage/addImageInAlbum
userId: 6

====================  17h-18m-6s/26-5-2025 ====================
Requisisção post recebida na rota /users/login

====================  17h-18m-6s/26-5-2025 ====================
Usuário logado com sucesso
ID:6

====================  17h-18m-6s/26-5-2025 ====================
Usuário fez login com sucesso na rota /users/login
ID: 6

====================  17h-18m-10s/26-5-2025 ====================
Requisição post recebida na rota /homepage/createAlbum

====================  17h-18m-10s/26-5-2025 ====================
Sucesso na inseção na tabela album
ID: 6

====================  17h-18m-10s/26-5-2025 ====================
Sucesso na criação de album na rota /homepage/createAlbum
album_id: 6 userId: 6

====================  17h-18m-15s/26-5-2025 ====================
Requisição get na rota /homepage/getUserAlbuns

====================  17h-18m-15s/26-5-2025 ====================
Sucesso em encontrar albuns do usuário
Quantidade de albuns encontrados: 2

====================  17h-18m-15s/26-5-2025 ====================
Sucesso no retorno de album na rota /homepage/getUserAlbuns
userId: 6

====================  17h-18m-28s/26-5-2025 ====================
Usuário tentou acessar uma rota protegida
rota: /homepage/addImageInAlbum

====================  17h-18m-28s/26-5-2025 ====================
Erro ao inserir uma imagem no album 6
Erro: error: inserção ou atualização em tabela "album_image_junction" viola restrição de chave estrangeira "fk_image"

====================  17h-18m-28s/26-5-2025 ====================
Falha em adicionar uma imagem em um album na rota /homepage/addImageInAlbum
userId: 6

====================  17h-23m-50s/26-5-2025 ====================
Usuário tentou acessar uma rota protegida
rota: /homepage/addImageInAlbum

====================  17h-23m-50s/26-5-2025 ====================
Erro ao inserir uma imagem no album 6
Erro: error: inserção ou atualização em tabela "album_image_junction" viola restrição de chave estrangeira "fk_image"

====================  17h-23m-50s/26-5-2025 ====================
Falha em adicionar uma imagem em um album na rota /homepage/addImageInAlbum
userId: 6

====================  17h-25m-13s/26-5-2025 ====================
Requisisção post recebida na rota /users/login

====================  17h-25m-13s/26-5-2025 ====================
Usuário logado com sucesso
ID:6

====================  17h-25m-13s/26-5-2025 ====================
Usuário fez login com sucesso na rota /users/login
ID: 6

====================  17h-25m-17s/26-5-2025 ====================
Usuário tentou acessar uma rota protegida
rota: /homepage/addImageInAlbum

====================  17h-25m-17s/26-5-2025 ====================
Erro ao inserir uma imagem no album 6
Erro: error: inserção ou atualização em tabela "album_image_junction" viola restrição de chave estrangeira "fk_image"

====================  17h-25m-17s/26-5-2025 ====================
Falha em adicionar uma imagem em um album na rota /homepage/addImageInAlbum
userId: 6

====================  17h-25m-46s/26-5-2025 ====================
Usuário tentou acessar uma rota protegida
rota: /homepage/addImageInAlbum

====================  17h-25m-46s/26-5-2025 ====================
Sucesso ao inserir a imagem 13 no album 6


====================  17h-25m-46s/26-5-2025 ====================
Sucesso em adicionar uma imagem em um album na rota /homepage/addImageInAlbum
image_id: 13 userId: 6 album_id: 6

====================  17h-26m-18s/26-5-2025 ====================
Usuário tentou acessar uma rota protegida
rota: /homepage/removeImageFromAlbum

====================  17h-26m-18s/26-5-2025 ====================
Sucesso ao remover imagem do album
13

====================  17h-26m-18s/26-5-2025 ====================
Sucesso ao remover imagem do album
ID: 13

====================  17h-26m-18s/26-5-2025 ====================
Sucesso em remover uma imagem em um album na rota /homepage/addImageInAlbum
image_id: 13 userId: 6 album_id: 6

====================  17h-26m-29s/26-5-2025 ====================
Usuário tentou acessar uma rota protegida
rota: /homepage/getImagesInAlbum

====================  17h-26m-29s/26-5-2025 ====================
Erro ao recuperar imagens no album 6
Erro: Resposta ruim do banco de dados, provavelmente não encontrou os dados que estava procurando
resultado: {"command":"SELECT","rowCount":0,"oid":null,"rows":[],"fields":[{"name":"album_id","tableID":41508,"columnID":1,"dataTypeID":23,"dataTypeSize":4,"dataTypeModifier":-1,"format":"text"},{"name":"image_id","tableID":41508,"columnID":2,"dataTypeID":23,"dataTypeSize":4,"dataTypeModifier":-1,"format":"text"},{"name":"user_id","tableID":41508,"columnID":3,"dataTypeID":23,"dataTypeSize":4,"dataTypeModifier":-1,"format":"text"}],"_parsers":[null,null,null],"_types":{"_types":{"arrayParser":{},"builtins":{"BOOL":16,"BYTEA":17,"CHAR":18,"INT8":20,"INT2":21,"INT4":23,"REGPROC":24,"TEXT":25,"OID":26,"TID":27,"XID":28,"CID":29,"JSON":114,"XML":142,"PG_NODE_TREE":194,"SMGR":210,"PATH":602,"POLYGON":604,"CIDR":650,"FLOAT4":700,"FLOAT8":701,"ABSTIME":702,"RELTIME":703,"TINTERVAL":704,"CIRCLE":718,"MACADDR8":774,"MONEY":790,"MACADDR":829,"INET":869,"ACLITEM":1033,"BPCHAR":1042,"VARCHAR":1043,"DATE":1082,"TIME":1083,"TIMESTAMP":1114,"TIMESTAMPTZ":1184,"INTERVAL":1186,"TIMETZ":1266,"BIT":1560,"VARBIT":1562,"NUMERIC":1700,"REFCURSOR":1790,"REGPROCEDURE":2202,"REGOPER":2203,"REGOPERATOR":2204,"REGCLASS":2205,"REGTYPE":2206,"UUID":2950,"TXID_SNAPSHOT":2970,"PG_LSN":3220,"PG_NDISTINCT":3361,"PG_DEPENDENCIES":3402,"TSVECTOR":3614,"TSQUERY":3615,"GTSVECTOR":3642,"REGCONFIG":3734,"REGDICTIONARY":3769,"JSONB":3802,"REGNAMESPACE":4089,"REGROLE":4096}},"text":{},"binary":{}},"RowCtor":null,"rowAsArray":false,"_prebuiltEmptyResultObject":{"album_id":null,"image_id":null,"user_id":null}}

====================  17h-26m-29s/26-5-2025 ====================
Falha em retornar imagens de um album na rota /homepage/getImagesInAlbum
userId: 6

====================  17h-27m-9s/26-5-2025 ====================
Requisisção post recebida na rota /users/login

====================  17h-27m-9s/26-5-2025 ====================
Usuário logado com sucesso
ID:6

====================  17h-27m-9s/26-5-2025 ====================
Usuário fez login com sucesso na rota /users/login
ID: 6

====================  17h-27m-13s/26-5-2025 ====================
Usuário tentou acessar uma rota protegida
rota: /homepage/getImagesInAlbum

====================  17h-27m-13s/26-5-2025 ====================
Erro ao recuperar imagens no album 6
Erro: Resposta ruim do banco de dados, provavelmente não encontrou os dados que estava procurando
resultado: {"command":"SELECT","rowCount":0,"oid":null,"rows":[],"fields":[{"name":"album_id","tableID":41508,"columnID":1,"dataTypeID":23,"dataTypeSize":4,"dataTypeModifier":-1,"format":"text"},{"name":"image_id","tableID":41508,"columnID":2,"dataTypeID":23,"dataTypeSize":4,"dataTypeModifier":-1,"format":"text"},{"name":"user_id","tableID":41508,"columnID":3,"dataTypeID":23,"dataTypeSize":4,"dataTypeModifier":-1,"format":"text"}],"_parsers":[null,null,null],"_types":{"_types":{"arrayParser":{},"builtins":{"BOOL":16,"BYTEA":17,"CHAR":18,"INT8":20,"INT2":21,"INT4":23,"REGPROC":24,"TEXT":25,"OID":26,"TID":27,"XID":28,"CID":29,"JSON":114,"XML":142,"PG_NODE_TREE":194,"SMGR":210,"PATH":602,"POLYGON":604,"CIDR":650,"FLOAT4":700,"FLOAT8":701,"ABSTIME":702,"RELTIME":703,"TINTERVAL":704,"CIRCLE":718,"MACADDR8":774,"MONEY":790,"MACADDR":829,"INET":869,"ACLITEM":1033,"BPCHAR":1042,"VARCHAR":1043,"DATE":1082,"TIME":1083,"TIMESTAMP":1114,"TIMESTAMPTZ":1184,"INTERVAL":1186,"TIMETZ":1266,"BIT":1560,"VARBIT":1562,"NUMERIC":1700,"REFCURSOR":1790,"REGPROCEDURE":2202,"REGOPER":2203,"REGOPERATOR":2204,"REGCLASS":2205,"REGTYPE":2206,"UUID":2950,"TXID_SNAPSHOT":2970,"PG_LSN":3220,"PG_NDISTINCT":3361,"PG_DEPENDENCIES":3402,"TSVECTOR":3614,"TSQUERY":3615,"GTSVECTOR":3642,"REGCONFIG":3734,"REGDICTIONARY":3769,"JSONB":3802,"REGNAMESPACE":4089,"REGROLE":4096}},"text":{},"binary":{}},"RowCtor":null,"rowAsArray":false,"_prebuiltEmptyResultObject":{"album_id":null,"image_id":null,"user_id":null}}

====================  17h-27m-13s/26-5-2025 ====================
Falha em retornar imagens de um album na rota /homepage/getImagesInAlbum
userId: 6

====================  17h-28m-10s/26-5-2025 ====================
Requisisção post recebida na rota /users/login

====================  17h-28m-10s/26-5-2025 ====================
Usuário logado com sucesso
ID:6

====================  17h-28m-10s/26-5-2025 ====================
Usuário fez login com sucesso na rota /users/login
ID: 6

====================  17h-28m-14s/26-5-2025 ====================
Usuário tentou acessar uma rota protegida
rota: /homepage/getImagesInAlbum

====================  17h-28m-14s/26-5-2025 ====================
Erro ao recuperar imagens no album 6
Erro: Resposta ruim do banco de dados, provavelmente não encontrou os dados que estava procurando
resultado: {"command":"SELECT","rowCount":0,"oid":null,"rows":[],"fields":[{"name":"album_id","tableID":41508,"columnID":1,"dataTypeID":23,"dataTypeSize":4,"dataTypeModifier":-1,"format":"text"},{"name":"image_id","tableID":41508,"columnID":2,"dataTypeID":23,"dataTypeSize":4,"dataTypeModifier":-1,"format":"text"},{"name":"user_id","tableID":41508,"columnID":3,"dataTypeID":23,"dataTypeSize":4,"dataTypeModifier":-1,"format":"text"}],"_parsers":[null,null,null],"_types":{"_types":{"arrayParser":{},"builtins":{"BOOL":16,"BYTEA":17,"CHAR":18,"INT8":20,"INT2":21,"INT4":23,"REGPROC":24,"TEXT":25,"OID":26,"TID":27,"XID":28,"CID":29,"JSON":114,"XML":142,"PG_NODE_TREE":194,"SMGR":210,"PATH":602,"POLYGON":604,"CIDR":650,"FLOAT4":700,"FLOAT8":701,"ABSTIME":702,"RELTIME":703,"TINTERVAL":704,"CIRCLE":718,"MACADDR8":774,"MONEY":790,"MACADDR":829,"INET":869,"ACLITEM":1033,"BPCHAR":1042,"VARCHAR":1043,"DATE":1082,"TIME":1083,"TIMESTAMP":1114,"TIMESTAMPTZ":1184,"INTERVAL":1186,"TIMETZ":1266,"BIT":1560,"VARBIT":1562,"NUMERIC":1700,"REFCURSOR":1790,"REGPROCEDURE":2202,"REGOPER":2203,"REGOPERATOR":2204,"REGCLASS":2205,"REGTYPE":2206,"UUID":2950,"TXID_SNAPSHOT":2970,"PG_LSN":3220,"PG_NDISTINCT":3361,"PG_DEPENDENCIES":3402,"TSVECTOR":3614,"TSQUERY":3615,"GTSVECTOR":3642,"REGCONFIG":3734,"REGDICTIONARY":3769,"JSONB":3802,"REGNAMESPACE":4089,"REGROLE":4096}},"text":{},"binary":{}},"RowCtor":null,"rowAsArray":false,"_prebuiltEmptyResultObject":{"album_id":null,"image_id":null,"user_id":null}}

====================  17h-28m-14s/26-5-2025 ====================
Falha em retornar imagens de um album na rota /homepage/getImagesInAlbum
userId: 6

====================  17h-28m-15s/26-5-2025 ====================
Usuário tentou acessar uma rota protegida
rota: /homepage/getImagesInAlbum

====================  17h-28m-15s/26-5-2025 ====================
Erro ao recuperar imagens no album 6
Erro: Resposta ruim do banco de dados, provavelmente não encontrou os dados que estava procurando
resultado: {"command":"SELECT","rowCount":0,"oid":null,"rows":[],"fields":[{"name":"album_id","tableID":41508,"columnID":1,"dataTypeID":23,"dataTypeSize":4,"dataTypeModifier":-1,"format":"text"},{"name":"image_id","tableID":41508,"columnID":2,"dataTypeID":23,"dataTypeSize":4,"dataTypeModifier":-1,"format":"text"},{"name":"user_id","tableID":41508,"columnID":3,"dataTypeID":23,"dataTypeSize":4,"dataTypeModifier":-1,"format":"text"}],"_parsers":[null,null,null],"_types":{"_types":{"arrayParser":{},"builtins":{"BOOL":16,"BYTEA":17,"CHAR":18,"INT8":20,"INT2":21,"INT4":23,"REGPROC":24,"TEXT":25,"OID":26,"TID":27,"XID":28,"CID":29,"JSON":114,"XML":142,"PG_NODE_TREE":194,"SMGR":210,"PATH":602,"POLYGON":604,"CIDR":650,"FLOAT4":700,"FLOAT8":701,"ABSTIME":702,"RELTIME":703,"TINTERVAL":704,"CIRCLE":718,"MACADDR8":774,"MONEY":790,"MACADDR":829,"INET":869,"ACLITEM":1033,"BPCHAR":1042,"VARCHAR":1043,"DATE":1082,"TIME":1083,"TIMESTAMP":1114,"TIMESTAMPTZ":1184,"INTERVAL":1186,"TIMETZ":1266,"BIT":1560,"VARBIT":1562,"NUMERIC":1700,"REFCURSOR":1790,"REGPROCEDURE":2202,"REGOPER":2203,"REGOPERATOR":2204,"REGCLASS":2205,"REGTYPE":2206,"UUID":2950,"TXID_SNAPSHOT":2970,"PG_LSN":3220,"PG_NDISTINCT":3361,"PG_DEPENDENCIES":3402,"TSVECTOR":3614,"TSQUERY":3615,"GTSVECTOR":3642,"REGCONFIG":3734,"REGDICTIONARY":3769,"JSONB":3802,"REGNAMESPACE":4089,"REGROLE":4096}},"text":{},"binary":{}},"RowCtor":null,"rowAsArray":false,"_prebuiltEmptyResultObject":{"album_id":null,"image_id":null,"user_id":null}}

====================  17h-28m-15s/26-5-2025 ====================
Falha em retornar imagens de um album na rota /homepage/getImagesInAlbum
userId: 6

====================  17h-30m-10s/26-5-2025 ====================
Requisisção post recebida na rota /users/login

====================  17h-30m-10s/26-5-2025 ====================
Usuário logado com sucesso
ID:6

====================  17h-30m-10s/26-5-2025 ====================
Usuário fez login com sucesso na rota /users/login
ID: 6

====================  17h-30m-12s/26-5-2025 ====================
Usuário tentou acessar uma rota protegida
rota: /homepage/getImagesInAlbum

====================  17h-30m-12s/26-5-2025 ====================
Sucesso ao recuperar imagens no album
Imagens: 

====================  17h-30m-12s/26-5-2025 ====================
Sucesso em obter as imagens de um album na rota /homepage/addImageInAlbum
userId: 6 
imagens: []